FILE_TYPE=LIBRARY_PARTS;
PRIMITIVE 'XQEGRN_00_0000_000000B02','XQEGRN_00_0000_000000B02_Other';
  PIN
    'K':
      PIN_NUMBER='(1)';
      NO_LOAD_CHECK=BOTH;
      NO_IO_CHECK=BOTH;
      ALLOW_CONNECT=TRUE;
      PINUSE='UNSPEC';
    'A':
      PIN_NUMBER='(2)';
      NO_LOAD_CHECK=BOTH;
      NO_IO_CHECK=BOTH;
      ALLOW_CONNECT=TRUE;
      PINUSE='UNSPEC';
  END_PIN;
  BODY
    PART_NAME='XQEGRN_00_0000_000000B02';
    PHYS_DES_PREFIX='LED';
    NO_LOAD_CHECK='TRUE';
    PIN_COUNT='2';
    BODY_NAME='XQEGRN_00_0000_000000B02';
    JEDEC_TYPE='XQEGRN000000000000B02';
  END_BODY;
END_PRIMITIVE;
END.
