FILE_TYPE=LIBRARY_PARTS;
PRIMITIVE 'XEGAVT_H0_0000_000_000000K2001','XEGAVT_H0_0000_000_000000K2001_Other';
  PIN
    'K':
      PIN_NUMBER='(1)';
      NO_LOAD_CHECK=BOTH;
      NO_IO_CHECK=BOTH;
      ALLOW_CONNECT=TRUE;
      PINUSE='UNSPEC';
    'A':
      PIN_NUMBER='(2)';
      NO_LOAD_CHECK=BOTH;
      NO_IO_CHECK=BOTH;
      ALLOW_CONNECT=TRUE;
      PINUSE='UNSPEC';
    'EP':
      PIN_NUMBER='(3)';
      NO_LOAD_CHECK=BOTH;
      NO_IO_CHECK=BOTH;
      ALLOW_CONNECT=TRUE;
      PINUSE='UNSPEC';
  END_PIN;
  BODY
    PART_NAME='XEGAVT_H0_0000_000_000000K2001';
    PHYS_DES_PREFIX='LED';
    NO_LOAD_CHECK='TRUE';
    PIN_COUNT='3';
    BODY_NAME='XEGAVT_H0_0000_000_000000K2001';
    JEDEC_TYPE='XEGAVTH00000000000000K2001';
  END_BODY;
END_PRIMITIVE;
END.
