FILE_TYPE=LIBRARY_PARTS;
PRIMITIVE 'GV_QSSPA1.13_JZKZ_V1V6_1','GV_QSSPA1.13_JZKZ_V1V6_1_Other';
  PIN
    'K_1':
      PIN_NUMBER='(1)';
      NO_LOAD_CHECK=BOTH;
      NO_IO_CHECK=BOTH;
      ALLOW_CONNECT=TRUE;
      PINUSE='UNSPEC';
    'A':
      PIN_NUMBER='(2)';
      NO_LOAD_CHECK=BOTH;
      NO_IO_CHECK=BOTH;
      ALLOW_CONNECT=TRUE;
      PINUSE='UNSPEC';
    'K_2':
      PIN_NUMBER='(3)';
      NO_LOAD_CHECK=BOTH;
      NO_IO_CHECK=BOTH;
      ALLOW_CONNECT=TRUE;
      PINUSE='UNSPEC';
  END_PIN;
  BODY
    PART_NAME='GV_QSSPA1.13_JZKZ_V1V6_1';
    PHYS_DES_PREFIX='LED';
    NO_LOAD_CHECK='TRUE';
    PIN_COUNT='3';
    BODY_NAME='GV_QSSPA1.13_JZKZ_V1V6_1';
    JEDEC_TYPE='GVQSSPA113JZKZV1V61';
  END_BODY;
END_PRIMITIVE;
END.
